<?xml version="1.0" encoding="UTF-8"?>
<!-- Generated by org.testng.reporters.JUnitReportReporter -->
<testsuite hostname="MSI" failures="0" tests="3" name="Runner.RunnerClass" time="20.503" errors="0" timestamp="2025-07-15T23:48:00 IST" skipped="0">
  <testcase classname="Runner.RunnerClass" name="runScenario" time="7.020"/>
  <testcase classname="Runner.RunnerClass" name="runScenario" time="7.456"/>
  <testcase classname="Runner.RunnerClass" name="runScenario" time="6.027"/>
</testsuite> <!-- Runner.RunnerClass -->
